<?xml version="1.0" encoding="UTF-8"?>
<!-- Generated by org.testng.reporters.JUnitXMLReporter -->
<testsuite ignored="6" hostname="albert-HP-ProBook-450-G4" failures="4" tests="10" name="Test" time="1.119" errors="0" timestamp="2022-06-29T15:59:58 EAT">
  <testcase classname="tests.TestFilterDate" name="testFilterDate" time="0.081">
    <failure type="java.lang.ExceptionInInitializerError">
      <![CDATA[java.lang.ExceptionInInitializerError
at io.appium.java_client.pagefactory.utils.ProxyFactory.getEnhancedProxy(ProxyFactory.java:53)
at io.appium.java_client.pagefactory.utils.ProxyFactory.getEnhancedProxy(ProxyFactory.java:33)
at io.appium.java_client.pagefactory.AppiumFieldDecorator.proxyForAnElement(AppiumFieldDecorator.java:216)
at io.appium.java_client.pagefactory.AppiumFieldDecorator.access$0(AppiumFieldDecorator.java:214)
at io.appium.java_client.pagefactory.AppiumFieldDecorator$1.proxyForLocator(AppiumFieldDecorator.java:107)
at org.openqa.selenium.support.pagefactory.DefaultFieldDecorator.decorate(DefaultFieldDecorator.java:62)
at io.appium.java_client.pagefactory.AppiumFieldDecorator.decorate(AppiumFieldDecorator.java:154)
at org.openqa.selenium.support.PageFactory.proxyFields(PageFactory.java:113)
at org.openqa.selenium.support.PageFactory.initElements(PageFactory.java:105)
at pages.BasePage.<init>(BasePage.java:24)
at pages.HomeScreen.<init>(HomeScreen.java:11)
at tests.TestFilterDate.testFilterDate(TestFilterDate.java:18)
at java.base/java.util.ArrayList.forEach(ArrayList.java:1511)
at net.sf.cglib.core.ReflectUtils.defineClass(ReflectUtils.java:464)
at net.sf.cglib.core.AbstractClassGenerator.generate(AbstractClassGenerator.java:339)
at net.sf.cglib.core.AbstractClassGenerator$ClassLoaderData$3.apply(AbstractClassGenerator.java:96)
at net.sf.cglib.core.AbstractClassGenerator$ClassLoaderData$3.apply(AbstractClassGenerator.java:94)
at net.sf.cglib.core.internal.LoadingCache$2.call(LoadingCache.java:54)
at java.base/java.util.concurrent.FutureTask.run(FutureTask.java:264)
at net.sf.cglib.core.internal.LoadingCache.createEntry(LoadingCache.java:61)
at net.sf.cglib.core.internal.LoadingCache.get(LoadingCache.java:34)
at net.sf.cglib.core.AbstractClassGenerator$ClassLoaderData.get(AbstractClassGenerator.java:119)
at net.sf.cglib.core.AbstractClassGenerator.create(AbstractClassGenerator.java:294)
at net.sf.cglib.core.KeyFactory$Generator.create(KeyFactory.java:221)
at net.sf.cglib.core.KeyFactory.create(KeyFactory.java:174)
at net.sf.cglib.core.KeyFactory.create(KeyFactory.java:153)
at net.sf.cglib.proxy.Enhancer.<clinit>(Enhancer.java:73)
... 38 more
at net.sf.cglib.core.ReflectUtils$1.run(ReflectUtils.java:61)
at java.base/java.security.AccessController.doPrivileged(AccessController.java:569)
at net.sf.cglib.core.ReflectUtils.<clinit>(ReflectUtils.java:52)
at net.sf.cglib.core.KeyFactory$Generator.generateClass(KeyFactory.java:243)
at net.sf.cglib.core.DefaultGeneratorStrategy.generate(DefaultGeneratorStrategy.java:25)
at net.sf.cglib.core.AbstractClassGenerator.generate(AbstractClassGenerator.java:332)
... 50 more
... Removed 31 stack frames]]>
    </failure>
  </testcase> <!-- testFilterDate -->
  <testcase classname="tests.TestAccount" name="addAccount" time="0.003">
    <failure type="java.lang.NoClassDefFoundError" message="Could not initialize class net.sf.cglib.proxy.Enhancer">
      <![CDATA[java.lang.NoClassDefFoundError: Could not initialize class net.sf.cglib.proxy.Enhancer
at io.appium.java_client.pagefactory.utils.ProxyFactory.getEnhancedProxy(ProxyFactory.java:53)
at io.appium.java_client.pagefactory.utils.ProxyFactory.getEnhancedProxy(ProxyFactory.java:33)
at io.appium.java_client.pagefactory.AppiumFieldDecorator.proxyForAnElement(AppiumFieldDecorator.java:216)
at io.appium.java_client.pagefactory.AppiumFieldDecorator.access$0(AppiumFieldDecorator.java:214)
at io.appium.java_client.pagefactory.AppiumFieldDecorator$1.proxyForLocator(AppiumFieldDecorator.java:107)
at org.openqa.selenium.support.pagefactory.DefaultFieldDecorator.decorate(DefaultFieldDecorator.java:62)
at io.appium.java_client.pagefactory.AppiumFieldDecorator.decorate(AppiumFieldDecorator.java:154)
at org.openqa.selenium.support.PageFactory.proxyFields(PageFactory.java:113)
at org.openqa.selenium.support.PageFactory.initElements(PageFactory.java:105)
at pages.BasePage.<init>(BasePage.java:24)
at pages.HomeScreen.<init>(HomeScreen.java:11)
at tests.TestAccount.addAccount(TestAccount.java:21)
at java.base/java.util.ArrayList.forEach(ArrayList.java:1511)
at net.sf.cglib.core.ReflectUtils.defineClass(ReflectUtils.java:464)
at net.sf.cglib.core.AbstractClassGenerator.generate(AbstractClassGenerator.java:339)
at net.sf.cglib.core.AbstractClassGenerator$ClassLoaderData$3.apply(AbstractClassGenerator.java:96)
at net.sf.cglib.core.AbstractClassGenerator$ClassLoaderData$3.apply(AbstractClassGenerator.java:94)
at net.sf.cglib.core.internal.LoadingCache$2.call(LoadingCache.java:54)
at java.base/java.util.concurrent.FutureTask.run(FutureTask.java:264)
at net.sf.cglib.core.internal.LoadingCache.createEntry(LoadingCache.java:61)
at net.sf.cglib.core.internal.LoadingCache.get(LoadingCache.java:34)
at net.sf.cglib.core.AbstractClassGenerator$ClassLoaderData.get(AbstractClassGenerator.java:119)
at net.sf.cglib.core.AbstractClassGenerator.create(AbstractClassGenerator.java:294)
at net.sf.cglib.core.KeyFactory$Generator.create(KeyFactory.java:221)
at net.sf.cglib.core.KeyFactory.create(KeyFactory.java:174)
at net.sf.cglib.core.KeyFactory.create(KeyFactory.java:153)
at net.sf.cglib.proxy.Enhancer.<clinit>(Enhancer.java:73)
at io.appium.java_client.pagefactory.utils.ProxyFactory.getEnhancedProxy(ProxyFactory.java:53)
at io.appium.java_client.pagefactory.utils.ProxyFactory.getEnhancedProxy(ProxyFactory.java:33)
at io.appium.java_client.pagefactory.AppiumFieldDecorator.proxyForAnElement(AppiumFieldDecorator.java:216)
at io.appium.java_client.pagefactory.AppiumFieldDecorator.access$0(AppiumFieldDecorator.java:214)
at io.appium.java_client.pagefactory.AppiumFieldDecorator$1.proxyForLocator(AppiumFieldDecorator.java:107)
at org.openqa.selenium.support.pagefactory.DefaultFieldDecorator.decorate(DefaultFieldDecorator.java:62)
at io.appium.java_client.pagefactory.AppiumFieldDecorator.decorate(AppiumFieldDecorator.java:154)
at org.openqa.selenium.support.PageFactory.proxyFields(PageFactory.java:113)
at org.openqa.selenium.support.PageFactory.initElements(PageFactory.java:105)
at pages.BasePage.<init>(BasePage.java:24)
at pages.HomeScreen.<init>(HomeScreen.java:11)
at tests.TestFilterDate.testFilterDate(TestFilterDate.java:18)
... 26 more
... Removed 26 stack frames]]>
    </failure>
  </testcase> <!-- addAccount -->
  <testcase classname="tests.TestAccount" name="editAccount" time="0.0">
    <skipped/>
  </testcase> <!-- editAccount -->
  <testcase classname="tests.TestAccount" name="deleteAccount" time="0.0">
    <skipped/>
  </testcase> <!-- deleteAccount -->
  <testcase classname="tests.TestIncome" name="addIncome" time="0.051">
    <failure type="java.lang.NoClassDefFoundError" message="Could not initialize class net.sf.cglib.proxy.Enhancer">
      <![CDATA[java.lang.NoClassDefFoundError: Could not initialize class net.sf.cglib.proxy.Enhancer
at io.appium.java_client.pagefactory.utils.ProxyFactory.getEnhancedProxy(ProxyFactory.java:53)
at io.appium.java_client.pagefactory.utils.ProxyFactory.getEnhancedProxy(ProxyFactory.java:33)
at io.appium.java_client.pagefactory.AppiumFieldDecorator.proxyForAnElement(AppiumFieldDecorator.java:216)
at io.appium.java_client.pagefactory.AppiumFieldDecorator.access$0(AppiumFieldDecorator.java:214)
at io.appium.java_client.pagefactory.AppiumFieldDecorator$1.proxyForLocator(AppiumFieldDecorator.java:107)
at org.openqa.selenium.support.pagefactory.DefaultFieldDecorator.decorate(DefaultFieldDecorator.java:62)
at io.appium.java_client.pagefactory.AppiumFieldDecorator.decorate(AppiumFieldDecorator.java:154)
at org.openqa.selenium.support.PageFactory.proxyFields(PageFactory.java:113)
at org.openqa.selenium.support.PageFactory.initElements(PageFactory.java:105)
at pages.BasePage.<init>(BasePage.java:24)
at pages.HomeScreen.<init>(HomeScreen.java:11)
at tests.TestIncome.addIncome(TestIncome.java:22)
at java.base/java.util.ArrayList.forEach(ArrayList.java:1511)
at net.sf.cglib.core.ReflectUtils.defineClass(ReflectUtils.java:464)
at net.sf.cglib.core.AbstractClassGenerator.generate(AbstractClassGenerator.java:339)
at net.sf.cglib.core.AbstractClassGenerator$ClassLoaderData$3.apply(AbstractClassGenerator.java:96)
at net.sf.cglib.core.AbstractClassGenerator$ClassLoaderData$3.apply(AbstractClassGenerator.java:94)
at net.sf.cglib.core.internal.LoadingCache$2.call(LoadingCache.java:54)
at java.base/java.util.concurrent.FutureTask.run(FutureTask.java:264)
at net.sf.cglib.core.internal.LoadingCache.createEntry(LoadingCache.java:61)
at net.sf.cglib.core.internal.LoadingCache.get(LoadingCache.java:34)
at net.sf.cglib.core.AbstractClassGenerator$ClassLoaderData.get(AbstractClassGenerator.java:119)
at net.sf.cglib.core.AbstractClassGenerator.create(AbstractClassGenerator.java:294)
at net.sf.cglib.core.KeyFactory$Generator.create(KeyFactory.java:221)
at net.sf.cglib.core.KeyFactory.create(KeyFactory.java:174)
at net.sf.cglib.core.KeyFactory.create(KeyFactory.java:153)
at net.sf.cglib.proxy.Enhancer.<clinit>(Enhancer.java:73)
at io.appium.java_client.pagefactory.utils.ProxyFactory.getEnhancedProxy(ProxyFactory.java:53)
at io.appium.java_client.pagefactory.utils.ProxyFactory.getEnhancedProxy(ProxyFactory.java:33)
at io.appium.java_client.pagefactory.AppiumFieldDecorator.proxyForAnElement(AppiumFieldDecorator.java:216)
at io.appium.java_client.pagefactory.AppiumFieldDecorator.access$0(AppiumFieldDecorator.java:214)
at io.appium.java_client.pagefactory.AppiumFieldDecorator$1.proxyForLocator(AppiumFieldDecorator.java:107)
at org.openqa.selenium.support.pagefactory.DefaultFieldDecorator.decorate(DefaultFieldDecorator.java:62)
at io.appium.java_client.pagefactory.AppiumFieldDecorator.decorate(AppiumFieldDecorator.java:154)
at org.openqa.selenium.support.PageFactory.proxyFields(PageFactory.java:113)
at org.openqa.selenium.support.PageFactory.initElements(PageFactory.java:105)
at pages.BasePage.<init>(BasePage.java:24)
at pages.HomeScreen.<init>(HomeScreen.java:11)
at tests.TestFilterDate.testFilterDate(TestFilterDate.java:18)
... 26 more
... Removed 26 stack frames]]>
    </failure>
  </testcase> <!-- addIncome -->
  <testcase classname="tests.TestIncome" name="editIncome" time="0.0">
    <skipped/>
  </testcase> <!-- editIncome -->
  <testcase classname="tests.TestIncome" name="deleteIncome" time="0.0">
    <skipped/>
  </testcase> <!-- deleteIncome -->
  <testcase classname="tests.TestExpenses" name="addExpense" time="0.04">
    <failure type="java.lang.NoClassDefFoundError" message="Could not initialize class net.sf.cglib.proxy.Enhancer">
      <![CDATA[java.lang.NoClassDefFoundError: Could not initialize class net.sf.cglib.proxy.Enhancer
at io.appium.java_client.pagefactory.utils.ProxyFactory.getEnhancedProxy(ProxyFactory.java:53)
at io.appium.java_client.pagefactory.utils.ProxyFactory.getEnhancedProxy(ProxyFactory.java:33)
at io.appium.java_client.pagefactory.AppiumFieldDecorator.proxyForAnElement(AppiumFieldDecorator.java:216)
at io.appium.java_client.pagefactory.AppiumFieldDecorator.access$0(AppiumFieldDecorator.java:214)
at io.appium.java_client.pagefactory.AppiumFieldDecorator$1.proxyForLocator(AppiumFieldDecorator.java:107)
at org.openqa.selenium.support.pagefactory.DefaultFieldDecorator.decorate(DefaultFieldDecorator.java:62)
at io.appium.java_client.pagefactory.AppiumFieldDecorator.decorate(AppiumFieldDecorator.java:154)
at org.openqa.selenium.support.PageFactory.proxyFields(PageFactory.java:113)
at org.openqa.selenium.support.PageFactory.initElements(PageFactory.java:105)
at pages.BasePage.<init>(BasePage.java:24)
at pages.HomeScreen.<init>(HomeScreen.java:11)
at tests.TestExpenses.addExpense(TestExpenses.java:22)
at java.base/java.util.ArrayList.forEach(ArrayList.java:1511)
at net.sf.cglib.core.ReflectUtils.defineClass(ReflectUtils.java:464)
at net.sf.cglib.core.AbstractClassGenerator.generate(AbstractClassGenerator.java:339)
at net.sf.cglib.core.AbstractClassGenerator$ClassLoaderData$3.apply(AbstractClassGenerator.java:96)
at net.sf.cglib.core.AbstractClassGenerator$ClassLoaderData$3.apply(AbstractClassGenerator.java:94)
at net.sf.cglib.core.internal.LoadingCache$2.call(LoadingCache.java:54)
at java.base/java.util.concurrent.FutureTask.run(FutureTask.java:264)
at net.sf.cglib.core.internal.LoadingCache.createEntry(LoadingCache.java:61)
at net.sf.cglib.core.internal.LoadingCache.get(LoadingCache.java:34)
at net.sf.cglib.core.AbstractClassGenerator$ClassLoaderData.get(AbstractClassGenerator.java:119)
at net.sf.cglib.core.AbstractClassGenerator.create(AbstractClassGenerator.java:294)
at net.sf.cglib.core.KeyFactory$Generator.create(KeyFactory.java:221)
at net.sf.cglib.core.KeyFactory.create(KeyFactory.java:174)
at net.sf.cglib.core.KeyFactory.create(KeyFactory.java:153)
at net.sf.cglib.proxy.Enhancer.<clinit>(Enhancer.java:73)
at io.appium.java_client.pagefactory.utils.ProxyFactory.getEnhancedProxy(ProxyFactory.java:53)
at io.appium.java_client.pagefactory.utils.ProxyFactory.getEnhancedProxy(ProxyFactory.java:33)
at io.appium.java_client.pagefactory.AppiumFieldDecorator.proxyForAnElement(AppiumFieldDecorator.java:216)
at io.appium.java_client.pagefactory.AppiumFieldDecorator.access$0(AppiumFieldDecorator.java:214)
at io.appium.java_client.pagefactory.AppiumFieldDecorator$1.proxyForLocator(AppiumFieldDecorator.java:107)
at org.openqa.selenium.support.pagefactory.DefaultFieldDecorator.decorate(DefaultFieldDecorator.java:62)
at io.appium.java_client.pagefactory.AppiumFieldDecorator.decorate(AppiumFieldDecorator.java:154)
at org.openqa.selenium.support.PageFactory.proxyFields(PageFactory.java:113)
at org.openqa.selenium.support.PageFactory.initElements(PageFactory.java:105)
at pages.BasePage.<init>(BasePage.java:24)
at pages.HomeScreen.<init>(HomeScreen.java:11)
at tests.TestFilterDate.testFilterDate(TestFilterDate.java:18)
... 26 more
... Removed 26 stack frames]]>
    </failure>
  </testcase> <!-- addExpense -->
  <testcase classname="tests.TestExpenses" name="editExpense" time="0.0">
    <skipped/>
  </testcase> <!-- editExpense -->
  <testcase classname="tests.TestExpenses" name="deleteExpense" time="0.0">
    <skipped/>
  </testcase> <!-- deleteExpense -->
  <testcase classname="tests.BaseClass" name="@AfterTest teardown" time="0.0">
    <ignored/>
  </testcase> <!-- @AfterTest teardown -->
  <testcase classname="tests.BaseClass" name="@AfterTest teardown" time="0.0">
    <ignored/>
  </testcase> <!-- @AfterTest teardown -->
  <testcase classname="tests.BaseClass" name="@AfterTest teardown" time="0.0">
    <ignored/>
  </testcase> <!-- @AfterTest teardown -->
  <testcase classname="tests.BaseClass" name="@BeforeTest setup" time="0.0">
    <ignored/>
  </testcase> <!-- @BeforeTest setup -->
  <testcase classname="tests.BaseClass" name="@BeforeTest setup" time="0.0">
    <ignored/>
  </testcase> <!-- @BeforeTest setup -->
  <testcase classname="tests.BaseClass" name="@BeforeTest setup" time="0.0">
    <ignored/>
  </testcase> <!-- @BeforeTest setup -->
</testsuite> <!-- Test -->
